2024-11-19T21:08:09.546+08:00  INFO 70787 --- [spring-demo] [restartedMain] s.e.n.spring_demo.SpringDemoApplication  : Starting SpringDemoApplication using Java 17.0.13 with PID 70787 (/Users/andrewto/Desktop/SCTP/spring-demo/target/classes started by andrewto in /Users/andrewto/Desktop/SCTP/spring-demo)
2024-11-19T21:08:09.546+08:00  INFO 70787 --- [spring-demo] [restartedMain] s.e.n.spring_demo.SpringDemoApplication  : No active profile set, falling back to 1 default profile: "default"
2024-11-19T21:08:09.590+08:00  INFO 70787 --- [spring-demo] [restartedMain] o.s.b.w.embedded.tomcat.TomcatWebServer  : Tomcat initialized with port 8080 (http)
2024-11-19T21:08:09.591+08:00  INFO 70787 --- [spring-demo] [restartedMain] o.apache.catalina.core.StandardService   : Starting service [Tomcat]
2024-11-19T21:08:09.591+08:00  INFO 70787 --- [spring-demo] [restartedMain] o.apache.catalina.core.StandardEngine    : Starting Servlet engine: [Apache Tomcat/10.1.31]
2024-11-19T21:08:09.593+08:00  INFO 70787 --- [spring-demo] [restartedMain] o.a.c.c.C.[Tomcat].[localhost].[/]       : Initializing Spring embedded WebApplicationContext
2024-11-19T21:08:09.593+08:00  INFO 70787 --- [spring-demo] [restartedMain] w.s.c.ServletWebServerApplicationContext : Root WebApplicationContext: initialization completed in 46 ms
2024-11-19T21:08:09.599+08:00  INFO 70787 --- [spring-demo] [restartedMain] o.s.b.a.w.s.WelcomePageHandlerMapping    : Adding welcome page: class path resource [static/index.html]
2024-11-19T21:08:09.611+08:00  INFO 70787 --- [spring-demo] [restartedMain] o.s.b.d.a.OptionalLiveReloadServer       : LiveReload server is running on port 35729
2024-11-19T21:08:09.613+08:00  INFO 70787 --- [spring-demo] [restartedMain] o.s.b.w.embedded.tomcat.TomcatWebServer  : Tomcat started on port 8080 (http) with context path '/'
2024-11-19T21:08:09.616+08:00  INFO 70787 --- [spring-demo] [restartedMain] s.e.n.spring_demo.SpringDemoApplication  : Started SpringDemoApplication in 0.084 seconds (process running for 2737.886)
2024-11-19T21:08:09.616+08:00  INFO 70787 --- [spring-demo] [restartedMain] .ConditionEvaluationDeltaLoggingListener : Condition evaluation unchanged
2024-11-19T21:10:05.887+08:00  INFO 70787 --- [spring-demo] [File Watcher] rtingClassPathChangeChangedEventListener : Restarting due to 1 class path change (0 additions, 0 deletions, 1 modification)
2024-11-19T21:10:29.532+08:00  INFO 70787 --- [spring-demo] [restartedMain] s.e.n.spring_demo.SpringDemoApplication  : Starting SpringDemoApplication using Java 17.0.13 with PID 70787 (/Users/andrewto/Desktop/SCTP/spring-demo/target/classes started by andrewto in /Users/andrewto/Desktop/SCTP/spring-demo)
2024-11-19T21:10:29.532+08:00  INFO 70787 --- [spring-demo] [restartedMain] s.e.n.spring_demo.SpringDemoApplication  : No active profile set, falling back to 1 default profile: "default"
2024-11-19T21:10:29.578+08:00  INFO 70787 --- [spring-demo] [restartedMain] o.s.b.w.embedded.tomcat.TomcatWebServer  : Tomcat initialized with port 8080 (http)
2024-11-19T21:10:29.578+08:00  INFO 70787 --- [spring-demo] [restartedMain] o.apache.catalina.core.StandardService   : Starting service [Tomcat]
2024-11-19T21:10:29.578+08:00  INFO 70787 --- [spring-demo] [restartedMain] o.apache.catalina.core.StandardEngine    : Starting Servlet engine: [Apache Tomcat/10.1.31]
2024-11-19T21:10:29.580+08:00  INFO 70787 --- [spring-demo] [restartedMain] o.a.c.c.C.[Tomcat].[localhost].[/]       : Initializing Spring embedded WebApplicationContext
2024-11-19T21:10:29.580+08:00  INFO 70787 --- [spring-demo] [restartedMain] w.s.c.ServletWebServerApplicationContext : Root WebApplicationContext: initialization completed in 48 ms
2024-11-19T21:10:29.587+08:00  INFO 70787 --- [spring-demo] [restartedMain] o.s.b.a.w.s.WelcomePageHandlerMapping    : Adding welcome page: class path resource [static/index.html]
2024-11-19T21:10:29.600+08:00  INFO 70787 --- [spring-demo] [restartedMain] o.s.b.d.a.OptionalLiveReloadServer       : LiveReload server is running on port 35729
2024-11-19T21:10:29.603+08:00  INFO 70787 --- [spring-demo] [restartedMain] o.s.b.w.embedded.tomcat.TomcatWebServer  : Tomcat started on port 8080 (http) with context path '/'
2024-11-19T21:10:29.605+08:00  INFO 70787 --- [spring-demo] [restartedMain] s.e.n.spring_demo.SpringDemoApplication  : Started SpringDemoApplication in 0.084 seconds (process running for 2877.875)
2024-11-19T21:10:29.608+08:00  INFO 70787 --- [spring-demo] [restartedMain] .ConditionEvaluationDeltaLoggingListener : Condition evaluation unchanged
2024-11-19T21:10:42.104+08:00  INFO 70787 --- [spring-demo] [File Watcher] rtingClassPathChangeChangedEventListener : Restarting due to 1 class path change (0 additions, 0 deletions, 1 modification)
2024-11-19T21:10:42.135+08:00  INFO 70787 --- [spring-demo] [restartedMain] s.e.n.spring_demo.SpringDemoApplication  : 🟢 Starting SpringDemoApplication
2024-11-19T21:10:42.135+08:00  WARN 70787 --- [spring-demo] [restartedMain] s.e.n.spring_demo.SpringDemoApplication  : 🟠 Test Warning
2024-11-19T21:10:42.135+08:00 ERROR 70787 --- [spring-demo] [restartedMain] s.e.n.spring_demo.SpringDemoApplication  : 🔴 Test Error
2024-11-19T21:10:42.144+08:00  INFO 70787 --- [spring-demo] [restartedMain] s.e.n.spring_demo.SpringDemoApplication  : Starting SpringDemoApplication using Java 17.0.13 with PID 70787 (/Users/andrewto/Desktop/SCTP/spring-demo/target/classes started by andrewto in /Users/andrewto/Desktop/SCTP/spring-demo)
2024-11-19T21:10:42.144+08:00  INFO 70787 --- [spring-demo] [restartedMain] s.e.n.spring_demo.SpringDemoApplication  : No active profile set, falling back to 1 default profile: "default"
2024-11-19T21:10:42.188+08:00  INFO 70787 --- [spring-demo] [restartedMain] o.s.b.w.embedded.tomcat.TomcatWebServer  : Tomcat initialized with port 8080 (http)
2024-11-19T21:10:42.189+08:00  INFO 70787 --- [spring-demo] [restartedMain] o.apache.catalina.core.StandardService   : Starting service [Tomcat]
2024-11-19T21:10:42.189+08:00  INFO 70787 --- [spring-demo] [restartedMain] o.apache.catalina.core.StandardEngine    : Starting Servlet engine: [Apache Tomcat/10.1.31]
2024-11-19T21:10:42.191+08:00  INFO 70787 --- [spring-demo] [restartedMain] o.a.c.c.C.[Tomcat].[localhost].[/]       : Initializing Spring embedded WebApplicationContext
2024-11-19T21:10:42.191+08:00  INFO 70787 --- [spring-demo] [restartedMain] w.s.c.ServletWebServerApplicationContext : Root WebApplicationContext: initialization completed in 46 ms
2024-11-19T21:10:42.198+08:00  INFO 70787 --- [spring-demo] [restartedMain] o.s.b.a.w.s.WelcomePageHandlerMapping    : Adding welcome page: class path resource [static/index.html]
2024-11-19T21:10:42.209+08:00  INFO 70787 --- [spring-demo] [restartedMain] o.s.b.d.a.OptionalLiveReloadServer       : LiveReload server is running on port 35729
2024-11-19T21:10:42.211+08:00  INFO 70787 --- [spring-demo] [restartedMain] o.s.b.w.embedded.tomcat.TomcatWebServer  : Tomcat started on port 8080 (http) with context path '/'
2024-11-19T21:10:42.213+08:00  INFO 70787 --- [spring-demo] [restartedMain] s.e.n.spring_demo.SpringDemoApplication  : Started SpringDemoApplication in 0.077 seconds (process running for 2890.483)
2024-11-19T21:10:42.214+08:00  INFO 70787 --- [spring-demo] [restartedMain] .ConditionEvaluationDeltaLoggingListener : Condition evaluation unchanged
2024-11-19T21:11:01.759+08:00  INFO 70787 --- [spring-demo] [File Watcher] rtingClassPathChangeChangedEventListener : Restarting due to 1 class path change (0 additions, 0 deletions, 1 modification)
2024-11-19T21:11:01.804+08:00  INFO 70787 --- [spring-demo] [restartedMain] s.e.n.spring_demo.SpringDemoApplication  : Starting SpringDemoApplication using Java 17.0.13 with PID 70787 (/Users/andrewto/Desktop/SCTP/spring-demo/target/classes started by andrewto in /Users/andrewto/Desktop/SCTP/spring-demo)
2024-11-19T21:11:01.804+08:00  INFO 70787 --- [spring-demo] [restartedMain] s.e.n.spring_demo.SpringDemoApplication  : No active profile set, falling back to 1 default profile: "default"
2024-11-19T21:11:01.849+08:00  INFO 70787 --- [spring-demo] [restartedMain] o.s.b.w.embedded.tomcat.TomcatWebServer  : Tomcat initialized with port 8080 (http)
2024-11-19T21:11:01.849+08:00  INFO 70787 --- [spring-demo] [restartedMain] o.apache.catalina.core.StandardService   : Starting service [Tomcat]
2024-11-19T21:11:01.849+08:00  INFO 70787 --- [spring-demo] [restartedMain] o.apache.catalina.core.StandardEngine    : Starting Servlet engine: [Apache Tomcat/10.1.31]
2024-11-19T21:11:01.851+08:00  INFO 70787 --- [spring-demo] [restartedMain] o.a.c.c.C.[Tomcat].[localhost].[/]       : Initializing Spring embedded WebApplicationContext
2024-11-19T21:11:01.851+08:00  INFO 70787 --- [spring-demo] [restartedMain] w.s.c.ServletWebServerApplicationContext : Root WebApplicationContext: initialization completed in 46 ms
2024-11-19T21:11:01.857+08:00  INFO 70787 --- [spring-demo] [restartedMain] o.s.b.a.w.s.WelcomePageHandlerMapping    : Adding welcome page: class path resource [static/index.html]
2024-11-19T21:11:01.869+08:00  INFO 70787 --- [spring-demo] [restartedMain] o.s.b.d.a.OptionalLiveReloadServer       : LiveReload server is running on port 35729
2024-11-19T21:11:01.872+08:00  INFO 70787 --- [spring-demo] [restartedMain] o.s.b.w.embedded.tomcat.TomcatWebServer  : Tomcat started on port 8080 (http) with context path '/'
2024-11-19T21:11:01.873+08:00  INFO 70787 --- [spring-demo] [restartedMain] s.e.n.spring_demo.SpringDemoApplication  : Started SpringDemoApplication in 0.076 seconds (process running for 2910.143)
2024-11-19T21:11:01.874+08:00  INFO 70787 --- [spring-demo] [restartedMain] .ConditionEvaluationDeltaLoggingListener : Condition evaluation unchanged
2024-11-19T21:12:18.853+08:00  INFO 70787 --- [spring-demo] [File Watcher] rtingClassPathChangeChangedEventListener : Restarting due to 1 class path change (1 addition, 0 deletions, 0 modifications)
2024-11-19T21:12:18.896+08:00  INFO 70787 --- [spring-demo] [restartedMain] s.e.n.spring_demo.SpringDemoApplication  : Starting SpringDemoApplication using Java 17.0.13 with PID 70787 (/Users/andrewto/Desktop/SCTP/spring-demo/target/classes started by andrewto in /Users/andrewto/Desktop/SCTP/spring-demo)
2024-11-19T21:12:18.896+08:00  INFO 70787 --- [spring-demo] [restartedMain] s.e.n.spring_demo.SpringDemoApplication  : No active profile set, falling back to 1 default profile: "default"
2024-11-19T21:12:18.945+08:00  INFO 70787 --- [spring-demo] [restartedMain] o.s.b.w.embedded.tomcat.TomcatWebServer  : Tomcat initialized with port 8080 (http)
2024-11-19T21:12:18.946+08:00  INFO 70787 --- [spring-demo] [restartedMain] o.apache.catalina.core.StandardService   : Starting service [Tomcat]
2024-11-19T21:12:18.946+08:00  INFO 70787 --- [spring-demo] [restartedMain] o.apache.catalina.core.StandardEngine    : Starting Servlet engine: [Apache Tomcat/10.1.31]
2024-11-19T21:12:18.948+08:00  INFO 70787 --- [spring-demo] [restartedMain] o.a.c.c.C.[Tomcat].[localhost].[/]       : Initializing Spring embedded WebApplicationContext
2024-11-19T21:12:18.948+08:00  INFO 70787 --- [spring-demo] [restartedMain] w.s.c.ServletWebServerApplicationContext : Root WebApplicationContext: initialization completed in 51 ms
2024-11-19T21:12:18.956+08:00  INFO 70787 --- [spring-demo] [restartedMain] o.s.b.a.w.s.WelcomePageHandlerMapping    : Adding welcome page: class path resource [static/index.html]
2024-11-19T21:12:18.969+08:00  INFO 70787 --- [spring-demo] [restartedMain] o.s.b.d.a.OptionalLiveReloadServer       : LiveReload server is running on port 35729
2024-11-19T21:12:18.973+08:00  INFO 70787 --- [spring-demo] [restartedMain] o.s.b.w.embedded.tomcat.TomcatWebServer  : Tomcat started on port 8080 (http) with context path '/'
2024-11-19T21:12:18.975+08:00  INFO 70787 --- [spring-demo] [restartedMain] s.e.n.spring_demo.SpringDemoApplication  : Started SpringDemoApplication in 0.087 seconds (process running for 2987.244)
2024-11-19T21:12:18.975+08:00  INFO 70787 --- [spring-demo] [restartedMain] .ConditionEvaluationDeltaLoggingListener : Condition evaluation unchanged
2024-11-19T21:13:47.047+08:00  INFO 70787 --- [spring-demo] [File Watcher] rtingClassPathChangeChangedEventListener : Restarting due to 1 class path change (0 additions, 0 deletions, 1 modification)
2024-11-19T21:13:47.089+08:00  INFO 70787 --- [spring-demo] [restartedMain] s.e.n.spring_demo.SpringDemoApplication  : Starting SpringDemoApplication using Java 17.0.13 with PID 70787 (/Users/andrewto/Desktop/SCTP/spring-demo/target/classes started by andrewto in /Users/andrewto/Desktop/SCTP/spring-demo)
2024-11-19T21:13:47.089+08:00  INFO 70787 --- [spring-demo] [restartedMain] s.e.n.spring_demo.SpringDemoApplication  : No active profile set, falling back to 1 default profile: "default"
2024-11-19T21:13:47.132+08:00  INFO 70787 --- [spring-demo] [restartedMain] o.s.b.w.embedded.tomcat.TomcatWebServer  : Tomcat initialized with port 8080 (http)
2024-11-19T21:13:47.132+08:00  INFO 70787 --- [spring-demo] [restartedMain] o.apache.catalina.core.StandardService   : Starting service [Tomcat]
2024-11-19T21:13:47.132+08:00  INFO 70787 --- [spring-demo] [restartedMain] o.apache.catalina.core.StandardEngine    : Starting Servlet engine: [Apache Tomcat/10.1.31]
2024-11-19T21:13:47.134+08:00  INFO 70787 --- [spring-demo] [restartedMain] o.a.c.c.C.[Tomcat].[localhost].[/]       : Initializing Spring embedded WebApplicationContext
2024-11-19T21:13:47.134+08:00  INFO 70787 --- [spring-demo] [restartedMain] w.s.c.ServletWebServerApplicationContext : Root WebApplicationContext: initialization completed in 45 ms
2024-11-19T21:13:47.140+08:00  INFO 70787 --- [spring-demo] [restartedMain] o.s.b.a.w.s.WelcomePageHandlerMapping    : Adding welcome page: class path resource [static/index.html]
2024-11-19T21:13:47.151+08:00  INFO 70787 --- [spring-demo] [restartedMain] o.s.b.d.a.OptionalLiveReloadServer       : LiveReload server is running on port 35729
2024-11-19T21:13:47.153+08:00  INFO 70787 --- [spring-demo] [restartedMain] o.s.b.w.embedded.tomcat.TomcatWebServer  : Tomcat started on port 8080 (http) with context path '/'
2024-11-19T21:13:47.155+08:00  INFO 70787 --- [spring-demo] [restartedMain] s.e.n.spring_demo.SpringDemoApplication  : Started SpringDemoApplication in 0.073 seconds (process running for 3075.424)
2024-11-19T21:13:47.156+08:00  INFO 70787 --- [spring-demo] [restartedMain] .ConditionEvaluationDeltaLoggingListener : Condition evaluation unchanged
2024-11-19T21:14:10.736+08:00  INFO 70787 --- [spring-demo] [File Watcher] rtingClassPathChangeChangedEventListener : Restarting due to 1 class path change (0 additions, 0 deletions, 1 modification)
2024-11-19T21:14:10.785+08:00  INFO 70787 --- [spring-demo] [restartedMain] s.e.n.spring_demo.SpringDemoApplication  : Starting SpringDemoApplication using Java 17.0.13 with PID 70787 (/Users/andrewto/Desktop/SCTP/spring-demo/target/classes started by andrewto in /Users/andrewto/Desktop/SCTP/spring-demo)
2024-11-19T21:14:10.785+08:00  INFO 70787 --- [spring-demo] [restartedMain] s.e.n.spring_demo.SpringDemoApplication  : No active profile set, falling back to 1 default profile: "default"
2024-11-19T21:14:10.832+08:00  INFO 70787 --- [spring-demo] [restartedMain] o.s.b.w.embedded.tomcat.TomcatWebServer  : Tomcat initialized with port 8080 (http)
2024-11-19T21:14:10.832+08:00  INFO 70787 --- [spring-demo] [restartedMain] o.apache.catalina.core.StandardService   : Starting service [Tomcat]
2024-11-19T21:14:10.832+08:00  INFO 70787 --- [spring-demo] [restartedMain] o.apache.catalina.core.StandardEngine    : Starting Servlet engine: [Apache Tomcat/10.1.31]
2024-11-19T21:14:10.834+08:00  INFO 70787 --- [spring-demo] [restartedMain] o.a.c.c.C.[Tomcat].[localhost].[/]       : Initializing Spring embedded WebApplicationContext
2024-11-19T21:14:10.834+08:00  INFO 70787 --- [spring-demo] [restartedMain] w.s.c.ServletWebServerApplicationContext : Root WebApplicationContext: initialization completed in 48 ms
2024-11-19T21:14:10.841+08:00  INFO 70787 --- [spring-demo] [restartedMain] o.s.b.a.w.s.WelcomePageHandlerMapping    : Adding welcome page: class path resource [static/index.html]
2024-11-19T21:14:10.853+08:00  INFO 70787 --- [spring-demo] [restartedMain] o.s.b.d.a.OptionalLiveReloadServer       : LiveReload server is running on port 35729
2024-11-19T21:14:10.855+08:00  INFO 70787 --- [spring-demo] [restartedMain] o.s.b.w.embedded.tomcat.TomcatWebServer  : Tomcat started on port 8080 (http) with context path '/'
2024-11-19T21:14:10.857+08:00  INFO 70787 --- [spring-demo] [restartedMain] s.e.n.spring_demo.SpringDemoApplication  : Started SpringDemoApplication in 0.079 seconds (process running for 3099.126)
2024-11-19T21:14:10.858+08:00  INFO 70787 --- [spring-demo] [restartedMain] .ConditionEvaluationDeltaLoggingListener : Condition evaluation unchanged
2024-11-19T21:14:35.284+08:00  INFO 70787 --- [spring-demo] [http-nio-8080-exec-1] o.a.c.c.C.[Tomcat].[localhost].[/]       : Initializing Spring DispatcherServlet 'dispatcherServlet'
2024-11-19T21:14:35.284+08:00  INFO 70787 --- [spring-demo] [http-nio-8080-exec-1] o.s.web.servlet.DispatcherServlet        : Initializing Servlet 'dispatcherServlet'
2024-11-19T21:14:35.285+08:00  INFO 70787 --- [spring-demo] [http-nio-8080-exec-1] o.s.web.servlet.DispatcherServlet        : Completed initialization in 1 ms
2024-11-19T21:16:06.148+08:00  INFO 70787 --- [spring-demo] [File Watcher] rtingClassPathChangeChangedEventListener : Restarting due to 1 class path change (0 additions, 0 deletions, 1 modification)
2024-11-19T21:16:06.199+08:00  INFO 70787 --- [spring-demo] [restartedMain] s.e.n.spring_demo.SpringDemoApplication  : Starting SpringDemoApplication using Java 17.0.13 with PID 70787 (/Users/andrewto/Desktop/SCTP/spring-demo/target/classes started by andrewto in /Users/andrewto/Desktop/SCTP/spring-demo)
2024-11-19T21:16:06.199+08:00  INFO 70787 --- [spring-demo] [restartedMain] s.e.n.spring_demo.SpringDemoApplication  : No active profile set, falling back to 1 default profile: "default"
2024-11-19T21:16:06.242+08:00  INFO 70787 --- [spring-demo] [restartedMain] o.s.b.w.embedded.tomcat.TomcatWebServer  : Tomcat initialized with port 8080 (http)
2024-11-19T21:16:06.242+08:00  INFO 70787 --- [spring-demo] [restartedMain] o.apache.catalina.core.StandardService   : Starting service [Tomcat]
2024-11-19T21:16:06.242+08:00  INFO 70787 --- [spring-demo] [restartedMain] o.apache.catalina.core.StandardEngine    : Starting Servlet engine: [Apache Tomcat/10.1.31]
2024-11-19T21:16:06.244+08:00  INFO 70787 --- [spring-demo] [restartedMain] o.a.c.c.C.[Tomcat].[localhost].[/]       : Initializing Spring embedded WebApplicationContext
2024-11-19T21:16:06.244+08:00  INFO 70787 --- [spring-demo] [restartedMain] w.s.c.ServletWebServerApplicationContext : Root WebApplicationContext: initialization completed in 45 ms
2024-11-19T21:16:06.251+08:00  INFO 70787 --- [spring-demo] [restartedMain] o.s.b.a.w.s.WelcomePageHandlerMapping    : Adding welcome page: class path resource [static/index.html]
2024-11-19T21:16:06.262+08:00  INFO 70787 --- [spring-demo] [restartedMain] o.s.b.d.a.OptionalLiveReloadServer       : LiveReload server is running on port 35729
2024-11-19T21:16:06.264+08:00  INFO 70787 --- [spring-demo] [restartedMain] o.s.b.w.embedded.tomcat.TomcatWebServer  : Tomcat started on port 8080 (http) with context path '/'
2024-11-19T21:16:06.266+08:00  INFO 70787 --- [spring-demo] [restartedMain] s.e.n.spring_demo.SpringDemoApplication  : Started SpringDemoApplication in 0.073 seconds (process running for 3214.535)
2024-11-19T21:16:06.267+08:00  INFO 70787 --- [spring-demo] [restartedMain] .ConditionEvaluationDeltaLoggingListener : Condition evaluation unchanged
2024-11-19T21:18:32.819+08:00  INFO 70787 --- [spring-demo] [File Watcher] rtingClassPathChangeChangedEventListener : Restarting due to 1 class path change (0 additions, 0 deletions, 1 modification)
2024-11-19T21:18:32.857+08:00  INFO 70787 --- [spring-demo] [restartedMain] s.e.n.spring_demo.SpringDemoApplication  : Starting SpringDemoApplication using Java 17.0.13 with PID 70787 (/Users/andrewto/Desktop/SCTP/spring-demo/target/classes started by andrewto in /Users/andrewto/Desktop/SCTP/spring-demo)
2024-11-19T21:18:32.857+08:00  INFO 70787 --- [spring-demo] [restartedMain] s.e.n.spring_demo.SpringDemoApplication  : No active profile set, falling back to 1 default profile: "default"
2024-11-19T21:18:32.906+08:00  INFO 70787 --- [spring-demo] [restartedMain] o.s.b.w.embedded.tomcat.TomcatWebServer  : Tomcat initialized with port 8080 (http)
2024-11-19T21:18:32.907+08:00  INFO 70787 --- [spring-demo] [restartedMain] o.apache.catalina.core.StandardService   : Starting service [Tomcat]
2024-11-19T21:18:32.907+08:00  INFO 70787 --- [spring-demo] [restartedMain] o.apache.catalina.core.StandardEngine    : Starting Servlet engine: [Apache Tomcat/10.1.31]
2024-11-19T21:18:32.909+08:00  INFO 70787 --- [spring-demo] [restartedMain] o.a.c.c.C.[Tomcat].[localhost].[/]       : Initializing Spring embedded WebApplicationContext
2024-11-19T21:18:32.909+08:00  INFO 70787 --- [spring-demo] [restartedMain] w.s.c.ServletWebServerApplicationContext : Root WebApplicationContext: initialization completed in 51 ms
2024-11-19T21:18:32.917+08:00  INFO 70787 --- [spring-demo] [restartedMain] o.s.b.a.w.s.WelcomePageHandlerMapping    : Adding welcome page: class path resource [static/index.html]
2024-11-19T21:18:32.932+08:00  INFO 70787 --- [spring-demo] [restartedMain] o.s.b.d.a.OptionalLiveReloadServer       : LiveReload server is running on port 35729
2024-11-19T21:18:32.936+08:00  INFO 70787 --- [spring-demo] [restartedMain] o.s.b.w.embedded.tomcat.TomcatWebServer  : Tomcat started on port 8080 (http) with context path '/'
2024-11-19T21:18:32.938+08:00  INFO 70787 --- [spring-demo] [restartedMain] s.e.n.spring_demo.SpringDemoApplication  : Started SpringDemoApplication in 0.089 seconds (process running for 3361.205)
2024-11-19T21:18:32.938+08:00  INFO 70787 --- [spring-demo] [restartedMain] .ConditionEvaluationDeltaLoggingListener : Condition evaluation unchanged
2024-11-19T21:18:39.395+08:00  INFO 70787 --- [spring-demo] [File Watcher] rtingClassPathChangeChangedEventListener : Restarting due to 1 class path change (0 additions, 0 deletions, 1 modification)
2024-11-19T21:18:39.437+08:00  INFO 70787 --- [spring-demo] [restartedMain] s.e.n.spring_demo.SpringDemoApplication  : Starting SpringDemoApplication using Java 17.0.13 with PID 70787 (/Users/andrewto/Desktop/SCTP/spring-demo/target/classes started by andrewto in /Users/andrewto/Desktop/SCTP/spring-demo)
2024-11-19T21:18:39.437+08:00  INFO 70787 --- [spring-demo] [restartedMain] s.e.n.spring_demo.SpringDemoApplication  : No active profile set, falling back to 1 default profile: "default"
2024-11-19T21:18:39.481+08:00  INFO 70787 --- [spring-demo] [restartedMain] o.s.b.w.embedded.tomcat.TomcatWebServer  : Tomcat initialized with port 8080 (http)
2024-11-19T21:18:39.481+08:00  INFO 70787 --- [spring-demo] [restartedMain] o.apache.catalina.core.StandardService   : Starting service [Tomcat]
2024-11-19T21:18:39.482+08:00  INFO 70787 --- [spring-demo] [restartedMain] o.apache.catalina.core.StandardEngine    : Starting Servlet engine: [Apache Tomcat/10.1.31]
2024-11-19T21:18:39.484+08:00  INFO 70787 --- [spring-demo] [restartedMain] o.a.c.c.C.[Tomcat].[localhost].[/]       : Initializing Spring embedded WebApplicationContext
2024-11-19T21:18:39.484+08:00  INFO 70787 --- [spring-demo] [restartedMain] w.s.c.ServletWebServerApplicationContext : Root WebApplicationContext: initialization completed in 46 ms
2024-11-19T21:18:39.490+08:00  INFO 70787 --- [spring-demo] [restartedMain] o.s.b.a.w.s.WelcomePageHandlerMapping    : Adding welcome page: class path resource [static/index.html]
2024-11-19T21:18:39.501+08:00  INFO 70787 --- [spring-demo] [restartedMain] o.s.b.d.a.OptionalLiveReloadServer       : LiveReload server is running on port 35729
2024-11-19T21:18:39.504+08:00  INFO 70787 --- [spring-demo] [restartedMain] o.s.b.w.embedded.tomcat.TomcatWebServer  : Tomcat started on port 8080 (http) with context path '/'
2024-11-19T21:18:39.506+08:00  INFO 70787 --- [spring-demo] [restartedMain] s.e.n.spring_demo.SpringDemoApplication  : Started SpringDemoApplication in 0.076 seconds (process running for 3367.774)
2024-11-19T21:18:39.507+08:00  INFO 70787 --- [spring-demo] [restartedMain] .ConditionEvaluationDeltaLoggingListener : Condition evaluation unchanged
2024-11-19T21:19:06.090+08:00  INFO 70787 --- [spring-demo] [File Watcher] rtingClassPathChangeChangedEventListener : Restarting due to 1 class path change (0 additions, 0 deletions, 1 modification)
2024-11-19T21:19:06.130+08:00  INFO 70787 --- [spring-demo] [restartedMain] s.e.n.spring_demo.SpringDemoApplication  : Starting SpringDemoApplication using Java 17.0.13 with PID 70787 (/Users/andrewto/Desktop/SCTP/spring-demo/target/classes started by andrewto in /Users/andrewto/Desktop/SCTP/spring-demo)
2024-11-19T21:19:06.130+08:00  INFO 70787 --- [spring-demo] [restartedMain] s.e.n.spring_demo.SpringDemoApplication  : No active profile set, falling back to 1 default profile: "default"
2024-11-19T21:19:06.172+08:00  INFO 70787 --- [spring-demo] [restartedMain] o.s.b.w.embedded.tomcat.TomcatWebServer  : Tomcat initialized with port 8080 (http)
2024-11-19T21:19:06.173+08:00  INFO 70787 --- [spring-demo] [restartedMain] o.apache.catalina.core.StandardService   : Starting service [Tomcat]
2024-11-19T21:19:06.173+08:00  INFO 70787 --- [spring-demo] [restartedMain] o.apache.catalina.core.StandardEngine    : Starting Servlet engine: [Apache Tomcat/10.1.31]
2024-11-19T21:19:06.175+08:00  INFO 70787 --- [spring-demo] [restartedMain] o.a.c.c.C.[Tomcat].[localhost].[/]       : Initializing Spring embedded WebApplicationContext
2024-11-19T21:19:06.175+08:00  INFO 70787 --- [spring-demo] [restartedMain] w.s.c.ServletWebServerApplicationContext : Root WebApplicationContext: initialization completed in 45 ms
2024-11-19T21:19:06.180+08:00  INFO 70787 --- [spring-demo] [restartedMain] o.s.b.a.w.s.WelcomePageHandlerMapping    : Adding welcome page: class path resource [static/index.html]
2024-11-19T21:19:06.191+08:00  INFO 70787 --- [spring-demo] [restartedMain] o.s.b.d.a.OptionalLiveReloadServer       : LiveReload server is running on port 35729
2024-11-19T21:19:06.194+08:00  INFO 70787 --- [spring-demo] [restartedMain] o.s.b.w.embedded.tomcat.TomcatWebServer  : Tomcat started on port 8080 (http) with context path '/'
2024-11-19T21:19:06.196+08:00  INFO 70787 --- [spring-demo] [restartedMain] s.e.n.spring_demo.SpringDemoApplication  : Started SpringDemoApplication in 0.073 seconds (process running for 3394.464)
2024-11-19T21:19:06.197+08:00  INFO 70787 --- [spring-demo] [restartedMain] .ConditionEvaluationDeltaLoggingListener : Condition evaluation unchanged
2024-11-19T21:19:08.610+08:00  INFO 70787 --- [spring-demo] [File Watcher] rtingClassPathChangeChangedEventListener : Restarting due to 1 class path change (0 additions, 0 deletions, 1 modification)
2024-11-19T21:19:08.649+08:00  INFO 70787 --- [spring-demo] [restartedMain] s.e.n.spring_demo.SpringDemoApplication  : Starting SpringDemoApplication using Java 17.0.13 with PID 70787 (/Users/andrewto/Desktop/SCTP/spring-demo/target/classes started by andrewto in /Users/andrewto/Desktop/SCTP/spring-demo)
2024-11-19T21:19:08.649+08:00  INFO 70787 --- [spring-demo] [restartedMain] s.e.n.spring_demo.SpringDemoApplication  : No active profile set, falling back to 1 default profile: "default"
2024-11-19T21:19:08.692+08:00  INFO 70787 --- [spring-demo] [restartedMain] o.s.b.w.embedded.tomcat.TomcatWebServer  : Tomcat initialized with port 8080 (http)
2024-11-19T21:19:08.692+08:00  INFO 70787 --- [spring-demo] [restartedMain] o.apache.catalina.core.StandardService   : Starting service [Tomcat]
2024-11-19T21:19:08.692+08:00  INFO 70787 --- [spring-demo] [restartedMain] o.apache.catalina.core.StandardEngine    : Starting Servlet engine: [Apache Tomcat/10.1.31]
2024-11-19T21:19:08.695+08:00  INFO 70787 --- [spring-demo] [restartedMain] o.a.c.c.C.[Tomcat].[localhost].[/]       : Initializing Spring embedded WebApplicationContext
2024-11-19T21:19:08.695+08:00  INFO 70787 --- [spring-demo] [restartedMain] w.s.c.ServletWebServerApplicationContext : Root WebApplicationContext: initialization completed in 46 ms
2024-11-19T21:19:08.701+08:00  INFO 70787 --- [spring-demo] [restartedMain] o.s.b.a.w.s.WelcomePageHandlerMapping    : Adding welcome page: class path resource [static/index.html]
2024-11-19T21:19:08.712+08:00  INFO 70787 --- [spring-demo] [restartedMain] o.s.b.d.a.OptionalLiveReloadServer       : LiveReload server is running on port 35729
2024-11-19T21:19:08.714+08:00  INFO 70787 --- [spring-demo] [restartedMain] o.s.b.w.embedded.tomcat.TomcatWebServer  : Tomcat started on port 8080 (http) with context path '/'
2024-11-19T21:19:08.716+08:00  INFO 70787 --- [spring-demo] [restartedMain] s.e.n.spring_demo.SpringDemoApplication  : Started SpringDemoApplication in 0.074 seconds (process running for 3396.984)
2024-11-19T21:19:08.717+08:00  INFO 70787 --- [spring-demo] [restartedMain] .ConditionEvaluationDeltaLoggingListener : Condition evaluation unchanged
2024-11-19T21:19:23.290+08:00  INFO 70787 --- [spring-demo] [http-nio-8080-exec-1] o.a.c.c.C.[Tomcat].[localhost].[/]       : Initializing Spring DispatcherServlet 'dispatcherServlet'
2024-11-19T21:19:23.290+08:00  INFO 70787 --- [spring-demo] [http-nio-8080-exec-1] o.s.web.servlet.DispatcherServlet        : Initializing Servlet 'dispatcherServlet'
2024-11-19T21:19:23.290+08:00  INFO 70787 --- [spring-demo] [http-nio-8080-exec-1] o.s.web.servlet.DispatcherServlet        : Completed initialization in 0 ms
